Case 1: 103 133 16 2251 2338 2418 25 173 846 32 3 3216 1000 3578 142 1379 626 384 401
Case 2: 346 6 6 12 558 68 4
Case 3: 360 86 28 10577 795 1762 1013 1116 1169 1221 1281 217
Case 4: 6 9 55
Case 5: 62 23 200 1 277 116 48
Case 6: 1 1 2 2 3355 5 4293 9 4686 9 16 25 120 137 416 541 647 790 1043 1122 1995 2133
Case 7: 28
Case 8: 27 1007 334 139 51
Case 9: 1 8 8 1 10 11 336 147 15 61 17
Case 10: 1 100 102 1 3 3 5 5 8 8 12 14 16 17 22 22 26 32 32 42 44 47 56 66
Case 11: 5 55 134 63 1 30 122 8 73 2 16 73 9 2 190 196 20 2 111 17 2
Case 12: 1 4 18453 19160 22240 23063 26 32 60 267 374 1612 1889 2427 3099 3575 3932 5403 5649 5909 7334 9442
Case 13: 6315 234894 22 1123 365736 147710 2806 3278
Case 14: 45 1 114 121 1 26 70 148 13 15 1 43
Case 15: 4 18 136 21 65 6 1 159 1 97 12 16 72
Case 16: 13 1 13 13 14 14 14 3 3 3 3 4 4 5 5 6 6 7 8 9 10 10 11 12
Case 17: 3 287984 160690 753405 71970 37435 1122763 274766 5838 137794 396509 1260350 328 435 516031
Case 18: 1166 12 2 127 22 1900
Case 19: 1917 876 2 292 4 4 329 464 1051 2 657 10 129 701 3020 19 172 635 1685 197 207
Case 20: 8 11 68 12 36 74 76 1 1 18 44 1 1 49 50 52 55 3 27 28
Case 21: 117 145 2 778 2785 2988 43 5 6 327 985 1243 112
Case 22: 12
Case 23: 107943 103759 26 789 985 39
Case 24: 9 5 124 148 2 3 35 91
Case 25: 11751 81534 14464 48 666275 179795 208 6511
Case 26: 4 4 5 3 3 6 7 3 5 6 2
Case 27: 64 1 1 6 71 29 30 32 80 8 10 40 102 105 3 78 4 62 58 5
Case 28: 45710 5055 4 20995
Case 29: 27 6 17 19 22 2 11 11 27
Case 30: 81 57 1 60 135 24 26 67 1 1 9 10 1 3 13 3 43 15 50 18
Case 31: 771 179
Case 32: 468 550 568 600 16051 2 17241 4811 48 20922 1157 11 8231 1885 63 9366 333 37
Case 33: 33 36 10 31 26
Case 34: 1 1 67 68 70 1 77 2 3 4 5 8 11 15 17 19 24 73 30 33 36 48
Case 35: 226092 18 57468 8787 694 10 36 78740 87206 380154 1466 117534 56 486800 2253 8 164154 96454 26 299
Case 36: 486 2 611 4 5 6 12 14 17 22 25 28 34 71 73 97 121 126 135 167 288 357 421
Case 37: 20 11 10 10 17 1 1 4
Case 38: 12 787 1 245 540 2 161 37 213 4 2344 883 266 8 69 1019 850
Case 39: 801 283 11 299 81 2 17 97 373 106 408 1 127 31 208 42 2 47 1225 695 568
Case 40: 195 24 1325 1 6259 1 2 10025 1084
Case 41: 20 42 9 1 49 25 49 12 81 16 16
Case 42: 1 297 38 1652 7558 3 3301 3586 15 889 1088
Case 43: 3 1 1 5 26 26 5 5 2 18 9 18 7 2 7 7
Case 44: 1 1 1 219 236 242 267 288 294 5 10 12 14 15 20 36 42 51 57 90 109 115 122 137 161
Case 45: 10 1 19 2 1 14 71 76 29 40 2 44 2 2 50 2
Case 46: 3 10 7
Case 47: 10 11 16 5 6 20 11 11 1 1 13
Case 48: 1 348 8 136 11 49 433 57 169 103
Case 49: 1 2 4781 2 2 6179 6 10 2 41 94 153 162 295 330 470 6636 881 966 1058 1707 2376 2577 3531
Case 50: 2613 8672 141 10403 206 4359 12410 1691 436
Case 51: 2 92
Case 52: 24 12
Case 53: 2219 2321 4 8 4289 1536 5889
Case 54: 2 139 145 35 521 549
Case 55: 52 1 1 53 33 5 1 3 8
Case 56: 1 1 6 1 7 6 3 7
Case 57: 2 11867 12339 3535 12782 799 5 1110 9 123 16 1774 307 8117 3393 40 2710
Case 58: 6 8 1 1 5 9 9 3 9 9 5 8 5 2 2 4 1 2 7 6 3
Case 59: 1 1 155 36 177 5 25 55
Case 60: 3 15634 18808 9 24080 28 28664 88 102 120 284 415 529 595 702 749 982 1044 1353 1663 2365 2858 3582 3920 12032
Case 61: 2 4 4 1 1 3 1 4 2
Case 62: 653 128 887 27 32 38 1209 4688 1448 1494 59 61 438 5 10 532 13 613
Case 63: 13 13 81 87 50 55 60 105 27 9 112
Case 64: 1 1253 426 1429 135 140 29 1735 602 1850 37 2034 2097 2168 462 8 41 858 253
Case 65: 1454 1505 1 1661 1775 2082 4 5 10 15 26 74 91 132 166 210 286 324 383 693 996 1107 1229 1315
Case 66: 7 8 7 5
Case 67: 8 6 5 5 5 5 1 5 1 5 2 2 4 2 8
Case 68: 1 1 88 32098 8971 1733 44697 29466 11 14479 3136 393 262 24847
Case 69: 3 3 42 12 1 47 28 30 2 8 16 8 8
Case 70: 1174 78 10 99 111 21 1925 669 32 2273 7
Case 71: 6 6 4 4 4 3 8 8 5 5
Case 72: 1 1 2 1 4 4 2 1
Case 73: 1 14 1 6 1 7 50 53 54 26 36 4 2 38 24 12 25 42 4 45
Case 74: 49 20 438 456 122 1502 133 532 1651 176 22 5 6 251 262 147 65 90 1082 359 13
Case 75: 1136
Case 76: 1146 2 1453 1581 1727 7 11 11 1253 72 86 103 129 181 285 315 358 442 457 527 566 694 788 843
Case 77: 1804 13427 153 2219 2074 75772 17483 18409 66466 31827 686 6474 147454 868 57
Case 78: 7 152 1 30 169 1 86 208 104 44 70 3 233 55 161 21 23
Case 79: 740 20 2 1112 136 34 446 471 499 8
Case 80: 154 75 1 9 1 33 3 13 30 14 42 4 20 99 54
Case 81: 23 36 5 1 1 8 31 119 13 36 15 15 98 19 19 105 5
Case 82: 371 387 4 539 550 574 597 14 21 22 37 48 79 95 114 120 129 145 181 209 219 250 277 290 345
Case 83: 890 12 1666 25780 345 28568 633 666
Case 84: 10 16 10 1 3 4 15
Case 85: 2 1816 2066 2283 13 36 39 40 46 58 73 122 127 146 160 196 221 248 303 424 456 983 1105 1241 1314
Case 86: 4 4 1 1 2 1 2 2 2 2 4 1 3 1 2 3 1 1
Case 87: 38 3267 1 412 56 7623 2 262 566 7 2887 769 11253 14 20 12469 5246 81 293 160
Case 88: 790 5471 51 1333 178 7480 29115 21 397 1064 11943 513 14058
Case 89: 9 1527 120 123 133 99 735 900 972
Case 90: 1 501 84 24 4 612 6 679 379 12 14
Case 91: 1 1 19 19 20 2 2 2 2 4 4 4 4 5 6 7 8 9 9 11 12 13 14 16 16
Case 92: 7586 8268 8504 8750 33 10643 48 61 154 181 283 300 564 591 19 999 1852 1923 2401 2771 3297 4153 5013 5169
Case 93: 346 154 776
Case 94: 2480 98
Case 95: 10796 1039 4088
Case 96: 1 219 3 4 261 263 278 7 7 8 11 13 16 16 22 37 58 75 96 146 159 165 189
Case 97: 72 32 92 20
Case 98: 4 5 2 4 1 4 7 4
Case 99: 42 31
Case 100: 19 6 1 22 167 1 31 89 1 37 217 10 104 15 50
Case 101: 517 5100 5800
Case 102: 11 9 12 13 12 9 7 12 1 4 10 10 9 10 3 5 7
Case 103: 13 2117 829 15 2374 246 268 29 3324 3709 1111 45 5 41 480
Case 104: 15 16 1 1 1 19 2 2 4 4 4 5 5 5 7 7 7 17 8 8 10 10 12 12
Case 105: 4 5
Case 106: 62 63 1 67 73 77 2 2 87 88 10 11 22 2 27 27 27 36 41 43 50 57 24
Case 107: 2 2 2 4 1 3 8 1
Case 108: 3570 1 3843 28 21 21 1376 604 300 1793 68 7 9 2485 2 14 4306
Case 109: 771 11 76 505 90 948 68 1008 2 2 401 3 1237 142 33 156 47 7 1042
Case 110: 1 49 5 64 74 89 31 108 36
Case 111: 5 6 15 3 20 3 9 17 12 4 12 13 20 5
Case 112: 3 6 4 12 10
Case 113: 44 2 336 59 405 1774 3877 99 1835 554 139 16 10 1331 946 3220
Case 114: 353 99 1 63 33 544 172 180 579 48 8 70 808 188 14 1714
Case 115: 3 7 3 5 10 10 6 2 6 2 2 9
Case 116: 1107 2 1455 1 1616 8 12 23 31 139 193 285 296 316 354 366 5 407 468 483 533 607 732 801
Case 117: 24 27 3 14 7 7 2 9 46 2 47 32 20 11 34 22
Case 118: 3 11 11 4 9 10 2 7
Case 119: 12 12 13 6 3 33 34 3 3 1 5 6 5
Case 120: 314 257 285 37 364 4934 7 124
Case 121: 20
Case 122: 6
Case 123: 164 298 4 379 462 5435 4540 1055 118
Case 124: 1 2469 11 992 1185 27
Case 125: 529 12 1140 375 472 25 2 2 2 636 251 874
Case 126: 4 147 1 106 21
Case 127: 17 6 153 88 13 38 40
Case 128: 114 52 125 6 56 81 63 2 9 2 19 1
Case 129: 1459 2 6 9546 817
Case 130: 3606 1 25197 6 6478 9698 307 42785 5408 12 13776 14522 598 875 11736 5923 20225 1146
Case 131: 115 38 38 1 44 401 24 19 8 107 87 25 5 94 2 288 31
Case 132: 94 32 63 64 2 2 112 37 117 16 17 33 123 4 126 5 33 134 91 8 5
Case 133: 1
Case 134: 31 321 341 1 1 1 1 404 2 14 2 424 234 2 2 268 24 41 460 213 69
Case 135: 20 21 1 21 21 15 9 9 15 1 10 10 10 1 26 6 5 3
Case 136: 266 282 6988 5 6 7 2932
Case 137: 4524 11 53 28 2059
Case 138: 2 5 4001 4124 4261 3103 5430 5589 5762 23 31 41 54 62 225 612 692 919 994 1161 1398 1505 2222 2544
Case 139: 495 509 2 42 197 1356 222 1781 722 804 89 329 871 111 190 1421 762 1066 451 28 93
Case 140: 140 145 10 733 196 345 18 3671 3796 3 27 4259 1362 1478 1 6088 9 3 2400
Case 141: 22 1 33 136 75 74 81 35
Case 142: 1077 3 1440 8003 11 294 10445 481 3553 18 66
Case 143: 4004 303 1369 330 1486 349 430 2045 109 5 140 6462
Case 144: 483 5 9 13 18 616 38 55 81 93 93 99 112 119 148 156 156 207 216 255 255 275 286 378
Case 145: 36 15861 42381 361
Case 146: 1369 5341 5542 1638 1496 367 6656 410 2 2219 2322 2973 4 86 6 7 769 168 16 20 41
Case 147: 2 7 11 12 8 1 3 1 5 8 9 6 1 10 3 7
Case 148: 13 24 48 41 1 1 14 42 2 29 29 42 38 16 9 33 2 8 13
Case 149: 21 18 33 22
Case 150: 31 267 716 1 29 135 144 148 525 7 210 605 11
Case 151: 1 1 1 1 25 38 14 29 1
Case 152: 691 165 209 1 1 12 878 14 306 15 17 388 104 24 29 713 34
Case 153: 5 133 65 8 9 12 139 25 17
Case 154: 99 21 102 55 1 25 7 132 134 135 3 3 2 4 4 68 5 5 97
Case 155: 114 4910 28
Case 156: 41 23 241 2 259 153 271 3 16 67 132 4 173 32 201
Case 157: 1 62 61 1 79 85 91 4 5 5 7 8 14 14 21 28 33 41 42 48 51 52 56
Case 158: 81
Case 159: 116 380 969 995 1221 1347 1380 630 11 12 15 785
Case 160: 548 11963 3 92 1014 20344 1790 7366 297
Case 161: 55 55 1 72 73 83 2 4 4 5 5 7 7 8 8 19 21 34 35 47 48 51
Case 162: 1 4079 4226 3 5 7354 13 20 46 127 226 343 361 441 487 511 649 779 817 1110 2236 2511 2611 2815
Case 163: 71 1 9 16 88 355 5 133 39 155 161 187 545 562 530 596 42
Case 164: 15
Case 165: 75 328 110 3 806 1 55 6 8 245
Case 166: 10594 972 5931 20002 1630 6954 7229 387 466
Case 167: 19 3 3 1 3 31 1 26 12 14 30 1 1 7 18 6
Case 168: 6 5 6 4 5 2
Case 169: 65 3 15 16 1134 871 1 21 627 124 34 551 43 5 8 7 8 1
Case 170: 5 6 1 1 6 1 6 2 2 2 2 2 3 3 3 3 3 4 4 4 5 5 5 5 5
Case 171: 2624 913 2180 5 6 84 2451 12 2809 496 589 187 194
Case 172: 168 822 1 2876 32 307 325 1317 4394 92 9 562 580 16
Case 173: 2 114130 152319 165090 45 193534 206 299 843 996 1068 1153 1252 1342 1564 2940 3128 3342 11256 11899 22596 30555 33700 38961 59295
Case 174: 2 609 3 70 274 7 1369 1402 101 1205 120 882 51 30 35 180 550 639 1114 422
Case 175: 52 1 2 2 58 66 5 7 8 11 19 22 23 25 25 27 30 32 35 39 41 44 45 5 51
Case 176: 345 447 2 521 548 593 10 15 16 40 42 60 72 77 86 135 140 155 176 191 197 209 266 285 313
Case 177: 3789
Case 178: 5 53 6 7 1 69 10 11 14 38 3 42
Case 179: 98259 3225 380 11 32320 489 5954 49086 46906 82 53706 12371
Case 180: 710 33024 1372 28050 390
Case 181: 149 1098 1 43 825 2 237 2 306 70 171 2162
Case 182: 68019 3688 4153 23464 30479 34604 8991 11025 1832 162
Case 183: 1 505 518 6 90 283
Case 184: 44 5 23 39 3 31 28 28 29 18 8 8 41 1
Case 185: 10 2 2 10 4 1 3 1 5 1 1 1 7 4
Case 186: 4 3 26
Case 187: 83 88 1056 4 432 137 30 1463 33 878 1685 1833 8 279 71 299 932
Case 188: 113 116 1 1 127 1 139 141 5 11 11 14 15 20 27 45 55 56 62 64 79 99
Case 189: 2 66 12 31 12 12 36 78 8 40 5 7 2 92 43 44 78 46 46 49
Case 190: 4 4 4 1 1 4 1 1 1 1 1 2 2 2 2 2 2 2 2 2 3 3 3
Case 191: 76 101 41
Case 192: 10 259 1 371 1 2 1065 5 956 121 52 3 1381 155 1207 38 606 49 52 637 731
Case 193: 51 1796 62 3160 9281 17
Case 194: 12 91 1376 1522 3 2 146 161 3 1685 2664
Case 195: 7 2 8 9 4 25 20 4 10
Case 196: 42 42 85 76 45 90 18 20 39 24 6 52 64 126 12 132 80 14
Case 197: 57 5 6 5
Case 198: 2 3 4 4 5 6 140 16155 263 414 527 594 748 1661 2238 2842 2974 3262 3575 3743 4091 6297 6845 8733 11069
Case 199: 10 12 5 5
Case 200: 48 12 108 14 14 72 39 122 106 136 7 93 28 35
Case 201: 230 550 258 763 673 35 36 37 140 144 46 88 182 443 192 22 64 512
Case 202: 2458 2540 1 3317 4416 18 21 29 36 68 93 117 145 162 232 324 488 556 685 809 874 1151 1670 1733 1861
Case 203: 138
Case 204: 8 1 5 2 3 10 3 8
Case 205: 136 121 963 3 441 147 34 191 8 87
Case 206: 14 3 1 15 103 106 1 5 51 3 56 131 59 25 143 9 109 1 33 11 84
Case 207: 12744 5 10 18695 15 23 50 72 102 178 193 220 237 286 591 927 980 1151 2023 2580 4904 8530
Case 208: 116 3743 1302 353 80 1351 5530 634 6028 147 720 18 2720 203 30 33 1075
Case 209: 14 143 3059 2 955 1012 4 35 38 39 105 4 7 4 277 69 28 1 7 13 123
Case 210: 4 20
Case 211: 21 502 1 1424 1 376 625 4 41 4 481 68 291 72 986 85 99 387 411
Case 212: 1422 3 4 4 2291 11 14 15 27 50 94 101 135 149 174 212 368 531 702 860 980 1112
Case 213: 13 14 7 7 7 15 1 4
Case 214: 3 1 21 34 22 8 34 22 1 3 1 22 13 24 1 1 13 13 3
Case 215: 5362 4 5 5875 6 6 6850 14 7931 21 31 48 70 154 5 228 409 1105 1146 1462 1528 1580 2850
Case 216: 36 38 1 1 46 48 2 50 3 3 3 5 5 12 13 13 15 19 20 22 2 26
Case 217: 21 78
Case 218: 1693 48648 333 361 12 36748 10513 46 26 14352 39 47231 16659 41716 993 5829 34449 19266 65
Case 219: 2 3 1 1 2 2 1 3 1 2 1
Case 220: 3746 306 4861
Case 221: 31 458 7 541 233 15 83 22 23
Case 222: 9 143 53 36 24 32 2 3 30 18 192 21 113 6 117 6 26 7 37 8 30
Case 223: 4269 57 766 74 929 4 6 4734 2129
Case 224: 186 1 211 231 54 94 246 1 280 1013 61 887 1 85 2
Case 225: 14 20 230 31 1 275 41 42 133 176 66 4 71 5 190
Case 226: 253 5620 2098
Case 227: 4 4 4 4 4 4 5 1 1 2 2 2 2 2 3 3 3 3 3 3 4 4 4 4
Case 228: 109 154 79
Case 229: 1 8 7 1 8 8 2 2 2 2 2 3 3 4 8 5 6 6 6 6 6 1 6 7
Case 230: 198 27 30 31 230 281 9 25 301 12 12 13 308 332 4 4 2 188 78
Case 231: 15000 15759 3021 18238 2502 563 35 122321 961
Case 232: 95
Case 233: 23 149 68 37 687 253 8 273 12 342 353 109 19
Case 234: 10 5 535 18 2133 632 720 2938 3150 4 38 53 994 326 9 10
Case 235: 10420 11828 6 14237 13 18 23 19122 42 212 12590 241 496 1139 1254 1652 1720 2989 4080 4225 6990 7765 8306
Case 236: 10 24 31 4 10 13 1 15 15 6 15 10 26
Case 237: 1 2286 2375 1 2966 2 3459 4270 4 6 9 1 50 129 221 346 489 645 675 1070 1485 1605
Case 238: 1 41 11 49 49 51 14 15 16
Case 239: 2 1 7 4 1 11 10 11 2 1 5 8 9 5 9 4 10 1 10 5 7
Case 240: 102 33308 10988 45989 1262 16702 50 76
Case 241: 1 788 279 67 80 352 1028 2384 1065 405 12 47 113 2730 16 500 97 654 1663
Case 242: 627 772819 35 442 56033
Case 243: 134 141 1 152 2 528 611 44 1355 1 941 62 684 8 353 377 33
Case 244: 1 2 1 2 5 4 3 2 3 3
Case 245: 4 21 98 75 112 340 120 10 10 372 3
Case 246: 2897 3000 2 3717 3992 13 21 136 145 152 192 271 389 595 622 739 1089 1183 1233 1989 2312 2591
Case 247: 9 5 1 4 10 10 8 2 6
Case 248: 8 1 89 1 36 1 103 107 12 2 13 14 2 2 18 295 64 1 177 227 6
Case 249: 3 14172 5 1435 6902 28 23811 47 10795
Case 250: 507 20 1 1920 163 667 226 68 3 37 619 42 5 294 30 76 83 1328 31 13 2980
Case 251: 33 12 1 15 84 197 99
Case 252: 1013
Case 253: 13 14
Case 254: 9 10 58 1 12 245 15 782 805 21 4 951 31 70 458 7 43
Case 255: 34 23 38 1 6 39 2 15 6 18 7 9 9
Case 256: 1903 2047 2120 201 2779 3612
Case 257: 15419 17971 3 15 31 53 96 157 185 274 288 381 438 539 999 1047 1315 1471 2648 3054 4726 5393 8365 30932
Case 258: 15 5 12 2 17 14 7
Case 259: 38 20 12 25 48 47
Case 260: 5 1 5 2 5 6 2 1 7 6 3 4 4 3 3 1 3 2 1 6
Case 261: 132 110 83 400 5 1335 469 2 26 152 3 818 642 7 248
Case 262: 376
Case 263: 26 523 4 751 273 883 973 11 319
Case 264: 5 4 8
Case 265: 69055 79687 1139 36158 44036 59646
Case 266: 1110 353 1270 407 18 3 26 1660 1711 537 36 5 6 803 9 1033
Case 267: 118 124 6 21 136 1 6 1 183 187 32 15 17
Case 268: 1 9 10 11 1 11 11 12 12 1 1 3 3 3 3 4 5 11 5 6 6 6 7 8 8
Case 269: 1 1 9 9 10 1 2 10 2 2 2 4 4 5 5 6 6 6 6 7 7 8 8 8 9
Case 270: 8 11 9 532 815 66 260 54 237 251 82 85 277 23 113 4 399 207 174 161 49
Case 271: 1043 1080 1158 1 1318 1 1647 1694 4 5 8 13 27 35 59 79 83 135 152 245 341 4 521
Case 272: 540 25 560 106 34
Case 273: 23 11 1 44 25 1 10 11 43 29 32 1 17 19 37 10 3
Case 274: 1904 2 3 2607 40 54 96 101 125 138 182 204 232 347 374 432 460 474 617 699 766 1432
Case 275: 323 1 1 30 42 364 92 4 226 2 145 263 47 310 139 304 13
Case 276: 1 3169 3396 2 4023 3 4297 4 6 8 5395 8 9 23 24 35 40 42 91 191 261 510 668 1354
Case 277: 1 30 16 4 1 1 9 10 33 2 6 6
Case 278: 221 37 3 5 434 9 95 12 16 2541
Case 279: 6 1 1 6 1 7 7 2 2 3 3 3 4 4 4 5 5 5 5 5 5 5 1 6
Case 280: 234 76 702 87 740 800 840 295 34 411 154 8 61
Case 281: 66694 301244 314906 329159 2 22640 143096 3083 34281
Case 282: 884 940 1010 45 1222 133 11 9683 12334 15639 21 19651 20578 258 22501
Case 283: 15 7 95 410
Case 284: 1 7 9 1
Case 285: 1 4 4 2 2 2 3 2 2 3 3 2 3 1 1 2 3 3
Case 286: 11 8 8 5 2 12 12 4 9 4 6 1 2 10 6 4
Case 287: 1 5 5 5 4 2 4 3 4 2 4 4 3 3 4 3 1 5
Case 288: 7 21 2 28 3 23 23 5 24 19 11
Case 289: 52 746 7606 20425 956 5751 1133 10 12 1889 368 12378
Case 290: 2 1 5 4 3 1 1
Case 291: 103 18
Case 292: 3 24 4 16 16 22 17 5 23 28 5 19 29 6 2 12 24 3 7 7 14
Case 293: 4 1 1 54 11 25 31 28 77 84 4
Case 294: 153 8
Case 295: 1 2 2 3 5 5 12 18 25 26 65 120 181 264 296 308 439 466 620 680 2406 2502 2711 2936
Case 296: 1 6904 66 2512 1557 3347 12931 1076 13819 5329 34 314
Case 297: 43887 64331 1 3
Case 298: 3 9 5 4 4 8 6
Case 299: 15 15 1 15 15 1 17 17 17 2 2 3 4 4 4 7 8 8 9 10 11 13 15
Case 300: 10 1015 1044 814 352 14 1181 19 429 138 149 28 30 1731 40 48 323 51 58 91 947
Case 301: 1 2251 77 170 99 105 7388 2 848 10 1019 249 5240 6953
Case 302: 5 3 8 11 8 3 9 6 11 1 2 2 10 10 5
Case 303: 37 24 48 31 16
Case 304: 452 4 504 10 580 14 20 38 50 54 58 68 100 106 112 127 157 175 184 235 244 292 316 316
Case 305: 150 580 2 1908 206 2350 328 1144 73 22 1851
Case 306: 813 18 20 121 1124 1368 42 44 199 743
Case 307: 1 1150 1612 8577 1487 40705 225 53925 2603 61226 3424 26 4096 589 4576
Case 308: 47 60 53 2
Case 309: 508 984 575 3518 772 189 32 3 1108 3401 126 5 1396 76 1622 485
Case 310: 178 1 1 49 57 261 12 12 2 82 58 432 485
Case 311: 15204 3 11 38 27091 56 102 189 322 480 510 736 1030 1993 2394 2861 4007 5683 5910 6123 6844 7088 12603 14731
Case 312: 674 741 137 39 269 4118 11
Case 313: 1 5 5 5 1 1 1 5 5 2 2 2 2 3 3 3 3 3 3 4 4 4 4
Case 314: 1 131 25 138 30 10 4 99 16 45
Case 315: 1354 301
Case 316: 8949 93 14245 5031 22 1494 304
Case 317: 9 31 331 1950 14 2 409 19 539 587 610 10 4 1137 704 5 99
Case 318: 1111 546
Case 319: 3179 22 1019 4167 4327 37 58 6 415 7 2041 159
Case 320: 4 1 5 5 2 1 4 1 5 3 3 3 2 1
Case 321: 1 1 303 309 2 326 4 10 13 20 24 65 87 131 144 151 203 211 216 259 264 270
Case 322: 62 202 112
Case 323: 744 2 29 4 421 43 47 11 597
Case 324: 3 3 1 3 2 2 3 2 2
Case 325: 13 4 72 7 1 7 24 54 27
Case 326: 337
Case 327: 18569 170 1 29968 31553 10 34944 38641 181879 71 9349 54478 57154 62850 69034 138 154
Case 328: 234 35 113 276 2 133 17 3 23 5 211
Case 329: 1 28 41 381 10 2 53 20
Case 330: 13131 84 821 5 1025 21514 3417 23703 19 4 2504 51
Case 331: 1266 33 699 47 1632 54 6116 81 87 522 8537 810 13 3331 3863 249
Case 332: 5 1 6 1 48 36 22
Case 333: 21
Case 334: 3
Case 335: 8 10 35 13 109 53 6
Case 336: 1 1 2259 2 2555 3 4 7 8 1 61 64 107 19 117 146 159 187 197 234 262 342 634 1526 1579
Case 337: 1 2
Case 338: 1707 177 4 6 2309 268 106 2178
Case 339: 147 6 24 171 87 218 23
Case 340: 1 2401 1886 2744 218 1049 49 24 5 554 121
Case 341: 534 60 578 591 3 16 642 268 91 794 814 364 197 16 38 51 51 503
Case 342: 3 3 3 4
Case 343: 1 1 1 4 4 556 5 9 11 11 21 4 51 58 70 84 108 118 149 195 204 357
Case 344: 531 83 93 591 30
Case 345: 100 102 2 14 108 4 54 12 90 62 66 118 76 36 37 10
Case 346: 16965 17699 18461 70 3 1082 1148 11 13 39533 313 24 542
Case 347: 144 91 92 19 22 23 136 7 62 32 77 40 15
Case 348: 2 1 10 1 3 7 6 15 1 11 1 1 12 1 19 4 14 9
Case 349: 1 3 2 2 3 2 1 2 3 3
Case 350: 1 636 716 727 748 7 815 580 14 16 20 22 58 68 106 147 171 189 302 342 438 482
Case 351: 20 20 20 20 2 2 4 5 5 7 9 10 13 13 14 15 15 15 15 16 17 18
Case 352: 5 1 8 8 4 5
Case 353: 1069 19285 146196 1490 70214 634195 861960 99379 211172 33 1065739 31115 51882 1310707 7192 381970 400505 9892 579698 162679 847
Case 354: 253
Case 355: 983 1860 530 27 3 617 176 213 802 8 269
Case 356: 46 4 9 1 20 4 39 7 40 41 42 43 6 45 6 6 37 15 32 3 18
Case 357: 1 91008 232 29629 540 16 20927 7858 8333 49577 60 68 11691 122
Case 358: 23 15 2 5 5 5 5 5 30 12 2 22 15
Case 359: 2
Case 360: 663 72 73 784 835 91 323 25 3 1271 6
Case 361: 277 294 1225 52 2 1673 456 80 501 718 2744 2843 886 74 35
Case 362: 120 2 1723 2619 23982 60
Case 363: 90 4 99 111 1 379 1015 31 145 3 493 179 6 6 225 8 238 662 13 13
Case 364: 18 3 2 9 5 5 2 15 11
Case 365: 26
Case 366: 42 126 46 81 84 7 50 93 54 96 7 152 87 21 108 38 16 30
Case 367: 312 1 19 191 25 91 4 116 39
Case 368: 4 58 33 33 6 42 44 45 13
Case 369: 5 1 3 16 12 12 3 1 1 4 8 9 1 21 14 2 2 16 15 10 16
Case 370: 1130 27232 6642 2095 3712
Case 371: 4 17 111 1 22 9 30 143 32 35 36 37 86 88 14
Case 372: 11 1 107 2 207 221 120 4 60 259 2 149 28 6 29 39
Case 373: 3 8 15 15 1 8 26 1 9 9 9 1 28 18 11 11 6 2 1 26
Case 374: 1 4 5 7 7 20587 41953 23 78 152 430 691 1433 1685 2107 3085 3589 5362 6221 7849 9048 15 10841 12339 14687
Case 375: 16 14
Case 376: 1 5 4 2 5 1 3 3 2 2 2
Case 377: 1 7 13 2 14 7 2 15 2 12 3 3 12 11 6 13 4 7
Case 378: 987 16 1 1 424 2 27 188 296 47 53
Case 379: 202 85 227 243 485 505 35 299 513 11 159 15 402
Case 380: 148 417 3 74 79 4487 85
Case 381: 222 1 1 315 321 347 5 6 12 18 22 23 25 29 62 77 86 93 104 106 131 133 144 165 199
Case 382: 1 29 4 5 5 24
Case 383: 97 141 71 55 2 11 3 39 14 15 4 108 27 4 5 5
Case 384: 6893 1 2607 110 142 154 3767 1553 5673
Case 385: 6219 10744 548 7982 4955 9279 1049 3776 3910 263 31 3053 346
Case 386: 2 9 20346 20965 30 24070 40 60 70 180 588 737 1200 1480 1972 2070 2704 3189 3780 5568 6675 7690
Case 387: 14
Case 388: 3460 3691 3 4325 4455 4596 5037 13 17 43 49 59 68 99 118 326 414 652 682 874 986 1249 1624 2402
Case 389: 1674 1813 2231 2361 2534 4 6 33 41 55 76 76 103 139 276 552 851 893 954 1287 1503 1605
Case 390: 325 574 665 29 6720 8419 32121
Case 391: 18709 12 240 12 280 153 45 602 66 1818 112
Case 392: 1 1 244 1 280 2 4 4 4 4 6 10 12 17 201 46 67 71 104 116 122 134
Case 393: 2 9151 9 10354 13 12031 39 70 1755 224 340 446 471 709 1684 10999 2946 3177 18 4257 4899 5816 6642
Case 394: 40148 5633 1 6854 135 4 1616 1712 7 4151 9 2283 12026 12597 350 380 14364 15684 16394 620 666
Case 395: 3
Case 396: 4 9 52 3 71 73 83 220 6 32 248
Case 397: 793 201 31 36 974 44 271 412 1620 492 1878 1948 897 2 20 697 22
Case 398: 37 5 17 6 1 77 84 46 23 23 26 62 61 6 15 68
Case 399: 2 3 2 3 1 1 2 2 4 3 1 1 1 2 3 2 2 2 3 4
Case 400: 1 3 1 3 2 2 1 3 3 2 1 3
Case 401: 114 1381
Case 402: 21 1 129 8 1 2 75 3 40 14 99 6
Case 403: 35128 2024 261 40699 42220 1 14717 64468 704 19659 860 467 24948 6913 28007 11883 32598
Case 404: 9 1 1 10 1 1 2 3 3 3 3 3 3 3 4 4 4 5 5 6 7 7 8 8
Case 405: 5 5 7 168 174 31 214 15 200 102 46 8 1 20 113
Case 406: 15 1 759 2268 4 57 363 1240
Case 407: 49715 4941 24689 71 860 50 112 7817 5 47781 1920 12628 12035 300 19 2878 16612 660 346
Case 408: 4 4 4 4 1 1 4 15 31 1 19
Case 409: 876 27
Case 410: 792 456 115 25 140 34 459 5 46 1305 12 666 695 23 318
Case 411: 694 53 250 20 14 341 382 396 23 4 222 585 188
Case 412: 235 3
Case 413: 1 80 1 17 2 119 114 26 478 155 4 52 6 244 10
Case 414: 1104 93 2 20 9 45 138 3 157 2020 40 216 859 927 63 199
Case 415: 43 274 18550 94
Case 416: 538 10 6 126 7
Case 417: 95 891 141 1175 4 433 6338 72 14 16 21 356 2389 7455 41 3166 14243 13243 751 795
Case 418: 5854 25310 88 1 950 35628 1363 10486 6348 11327 4836 2516 43913 720 52 22993 22
Case 419: 8657 2 3575 95 968 784 833 2420 925 10 15004 15 17245 17809 1582 278 299 315 105 19
Case 420: 3063 12497 2 2 17130 922 18516 5842 1285 1360 8995 4670 7922 9369 2057 29 5 452 515
Case 421: 8646 7213 54 2981 19404
Case 422: 391 408 1 457 1 3 4 8 17 23 33 35 39 70 75 102 118 139 189 200 242 353
Case 423: 1 2 1359 3 3 1733 1126 9 9 10 11 11 66 76 145 222 241 284 400 556 759 989
Case 424: 209 184 2342 3239 866 29 13 1 3 102 7 5380 1800 10 28 608 14 14 15 2711
Case 425: 585 661 878 6 7 1289 6150 12 241 273 9681 335 2369 432 2738
Case 426: 6 4 4 4 1 1 1 1
Case 427: 3680 2 5452 6 6762 11 14 16 17 17 18 44 47 78 115 131 518 546 937 1064 1148 1240
Case 428: 259 51
Case 429: 609 20 2516 4 216 995 1041 56 1140 1415 10 10
Case 430: 91 5447 22018 261 10 3060 31026 344 4516 37 13072
Case 431: 4 15 6 41 3 12
Case 432: 10
Case 433: 362 24 24 212 222 232 7 242 40 9 498 252 56 60 60 160 4 72
Case 434: 486 8954 2 9970 1030 3540 6 4172 978 4346 10 251 5508 1453 110 302 6926 4524 38 7744 2303
Case 435: 247 10
Case 436: 3 10 13 3
Case 437: 707 750 136 166 424 177 1014 13 535 572 19
Case 438: 12 1177 1 87 1807 164 3 258
Case 439: 3 5 32683 35058 35 29318 163 173 204 226 324 473 573 619 745 805 912 962 1086 2403 4631 7634 47515 16119 19600
Case 440: 6 22 25 18 8 19 19 20 10 22
Case 441: 14 2 3
Case 442: 2071 4 380 2275 158
Case 443: 1222 1 2 9619 283 2471 25842 47819 13764 17110 363 732 384 6301 26855
Case 444: 810 2383 3 33603 196 213 11450 311 15694 13123 387 414 25206 38 45 48 2662
Case 445: 47
Case 446: 335 37 92 509
Case 447: 1 2860 2971 2 7 8 9 10 10 12 14 44 86 108 115 127 141 163 218 229 363 917 1137 1403 1866
Case 448: 108998 3842 3584 28114 378 5008 5683 6064 7307 7780 120 9316 50 1878 2188 134 2519 2711 187
Case 449: 63 333 1078 413 428 490 1301 617
Case 450: 399 73 3 1682 2285 7 10 144 154 9685 3638 3767 8116 1376 326
Case 451: 1 39 42 1 46 48 28 13 50 35 6 31 3 9 1
Case 452: 100 414 2 129 142 159 4 677 47 7 773 799 7 276 9 92 12 358
Case 453: 453 497 514 1 549 565 601 639 677 2 2 764 2 2 838 7 10 20 23 30 108 200 221 311 407
Case 454: 216 35 2 378 74 399 16 21 177
Case 455: 2911 3349 24908 124211 27720 4393 389 8 557 175731 16935 199440 207937 71738 14279 321 113 2180 90579 18947
Case 456: 7 1 94 95 399 24 37 38 202
Case 457: 10 9 8 8 9 2 3 3 12 6 3 6 12
Case 458: 8 3 1 1 1 4 1 7 8 2 11 10 10 3 2 5 11 1 5
Case 459: 1 1 1 4041 6 13 21 62 110 117 129 137 184 205 217 312 545 833 1086 1132 1347 1401 1874
Case 460: 59 817 13 2545 94 98 3193 871 10166 170 196 15 2463 670 2740 42 1992
Case 461: 267 2 5012 54 403 1801 112 2 15 3359
Case 462: 9 5 9 1 3 1 2 7 2 11 5 8 3 11
Case 463: 651 7 1 570 1 783 10 70 887 368 1080 18 2 15 411 414 1397 5 34 6 6
Case 464: 55 218 54 2 1073 134 108 70 1283 46 47 599 613 25 654 668 244 10 11 63
Case 465: 2786 2 3266 3703 6 8 10 30 42 54 119 173 194 223 287 407 448 466 492 510 555 751 775 1198 1656
Case 466: 176 506 7
Case 467: 9 1 1 1 10 1 1 1 1 1 2 2 2 5 5 5 5 6 7 7 7 8 8
Case 468: 14 9 12 9 1 2 8 8 14 6 6 6
Case 469: 266 2 29 525 246 38 1581 54 8 62 66 10 830 287 301 324 87
Case 470: 1 1 418 168 177 40 249 11 60 309 74 1094
Case 471: 143 1513 33 636 48 505 237 423 9 823 20 298 747 1058 1192
Case 472: 163 187 197 3 217 227 7 8 14 15 2 32 33 35 42 59 68 74 80 101 102 111 125 139 147
Case 473: 3 4 811 171 4541 1290 132
Case 474: 2 2 1 1 2 3 4 4 2 2 3 3
Case 475: 2 6 5 5 5 5 4
Case 476: 1 1 1 130 140 2 237 75 79
Case 477: 1 2 1748 3 52 1029 7 7 73 92 10 446 1441 488 2346 140 154 3772
Case 478: 201
Case 479: 208 7 102 9 43 1 126 2 3 142 227 154 1 3 27 189
Case 480: 26
Case 481: 71 74 95 3
Case 482: 151 1 2 171 179 3 3 4 215 5 9 11 12 26 35 53 55 57 61 71 77 80 122 132 136
Case 483: 71 759 1 438 277 694 710 32 130 148 164 9 199
Case 484: 6 8 2 6 6 2 3 4 6 5 3 3
Case 485: 10 242 708 73 2 84 4 28 34
Case 486: 134 153 2 475 60 17 72 3 229 251
Case 487: 73 2 81 14 58 4 30 34 94 64 39 21 68 22
Case 488: 1 64 517 4 114 5542 808 14 336 4149 4628 270 1595 357
Case 489: 23 1 829 32 237 54 373 1524 2144 612 13
Case 490: 12 1019 18 1 43
Case 491: 123 422 1156 140 29 33 3 1397 566 5 60 6 705 727 750 820 159 319 1324 2 17
Case 492: 1 2 458 353 31 129 127 149 43 249 47 259 262 27 15 59 17 92
Case 493: 13650 17464 18920 3 22184 26932 13 49 74 88 151 165 637 814 1367 1523 1894 2593 3682 4260 8892 11527
Case 494: 21709 5486 46915 128 1361 6647 2983 2155 2275 2385 2539 368 13126 7309 1198 736 4072 4279 63
Case 495: 157 1 38 210 17 17 53 125 63 26 148
Case 496: 1 77 185 3 229 417 458 536 28 58
Case 497: 15 18 391 542 839 2 118 123 956 140 427 40 186 193 53 641
Case 498: 49 1 59 1 65 2 2 2 4 5 5 7 7 9 14 16 18 19 28 34 34 36 46
Case 499: 85 2 4 118 703 8 833 19 1064 3580 331 1616
Case 500: 584 7248 66 2280
